This is XeTeX, Version 3.141592653-2.6-0.999994 (TeX Live 2022) (preloaded format=xelatex 2022.7.28)  5 AUG 2022 21:51
entering extended mode
 restricted \write18 enabled.
 %&-line parsing enabled.
**_main.tex
(./_main.tex
LaTeX2e <2022-06-01> patch level 5
L3 programming layer <2022-07-15> (c:/texlive/2022/texmf-dist/tex/latex/base/bo
ok.cls
Document Class: book 2021/10/04 v1.4n Standard LaTeX document class
(c:/texlive/2022/texmf-dist/tex/latex/base/bk10.clo
File: bk10.clo 2021/10/04 v1.4n Standard LaTeX file (size option)
)
\c@part=\count181
\c@chapter=\count182
\c@section=\count183
\c@subsection=\count184
\c@subsubsection=\count185
\c@paragraph=\count186
\c@subparagraph=\count187
\c@figure=\count188
\c@table=\count189
\abovecaptionskip=\skip47
\belowcaptionskip=\skip48
\bibindent=\dimen138
) (c:/texlive/2022/texmf-dist/tex/latex/amsmath/amsmath.sty
Package: amsmath 2022/04/08 v2.17n AMS math features
\@mathmargin=\skip49
For additional information on amsmath, use the `?' option.
(c:/texlive/2022/texmf-dist/tex/latex/amsmath/amstext.sty
Package: amstext 2021/08/26 v2.01 AMS text
(c:/texlive/2022/texmf-dist/tex/latex/amsmath/amsgen.sty
File: amsgen.sty 1999/11/30 v2.0 generic functions
\@emptytoks=\toks16
\ex@=\dimen139
)) (c:/texlive/2022/texmf-dist/tex/latex/amsmath/amsbsy.sty
Package: amsbsy 1999/11/29 v1.2d Bold Symbols
\pmbraise@=\dimen140
) (c:/texlive/2022/texmf-dist/tex/latex/amsmath/amsopn.sty
Package: amsopn 2022/04/08 v2.04 operator names
)
\inf@bad=\count190
LaTeX Info: Redefining \frac on input line 234.
\uproot@=\count191
\leftroot@=\count192
LaTeX Info: Redefining \overline on input line 399.
LaTeX Info: Redefining \colon on input line 410.
\classnum@=\count193
\DOTSCASE@=\count194
LaTeX Info: Redefining \ldots on input line 496.
LaTeX Info: Redefining \dots on input line 499.
LaTeX Info: Redefining \cdots on input line 620.
\Mathstrutbox@=\box51
\strutbox@=\box52
LaTeX Info: Redefining \big on input line 722.
LaTeX Info: Redefining \Big on input line 723.
LaTeX Info: Redefining \bigg on input line 724.
LaTeX Info: Redefining \Bigg on input line 725.
\big@size=\dimen141
LaTeX Font Info:    Redeclaring font encoding OML on input line 743.
LaTeX Font Info:    Redeclaring font encoding OMS on input line 744.
\macc@depth=\count195
LaTeX Info: Redefining \bmod on input line 905.
LaTeX Info: Redefining \pmod on input line 910.
LaTeX Info: Redefining \smash on input line 940.
LaTeX Info: Redefining \relbar on input line 970.
LaTeX Info: Redefining \Relbar on input line 971.
\c@MaxMatrixCols=\count196
\dotsspace@=\muskip16
\c@parentequation=\count197
\dspbrk@lvl=\count198
\tag@help=\toks17
\row@=\count199
\column@=\count266
\maxfields@=\count267
\andhelp@=\toks18
\eqnshift@=\dimen142
\alignsep@=\dimen143
\tagshift@=\dimen144
\tagwidth@=\dimen145
\totwidth@=\dimen146
\lineht@=\dimen147
\@envbody=\toks19
\multlinegap=\skip50
\multlinetaggap=\skip51
\mathdisplay@stack=\toks20
LaTeX Info: Redefining \[ on input line 2953.
LaTeX Info: Redefining \] on input line 2954.
) (c:/texlive/2022/texmf-dist/tex/latex/amsfonts/amssymb.sty
Package: amssymb 2013/01/14 v3.01 AMS font symbols
(c:/texlive/2022/texmf-dist/tex/latex/amsfonts/amsfonts.sty
Package: amsfonts 2013/01/14 v3.01 Basic AMSFonts support
\symAMSa=\mathgroup4
\symAMSb=\mathgroup5
LaTeX Font Info:    Redeclaring math symbol \hbar on input line 98.
LaTeX Font Info:    Overwriting math alphabet `\mathfrak' in version `bold'
(Font)                  U/euf/m/n --> U/euf/b/n on input line 106.
)) (c:/texlive/2022/texmf-dist/tex/latex/lm/lmodern.sty
Package: lmodern 2015/05/01 v1.6.1 Latin Modern Fonts
LaTeX Font Info:    Overwriting symbol font `operators' in version `normal'
(Font)                  OT1/cmr/m/n --> OT1/lmr/m/n on input line 22.
LaTeX Font Info:    Overwriting symbol font `letters' in version `normal'
(Font)                  OML/cmm/m/it --> OML/lmm/m/it on input line 23.
LaTeX Font Info:    Overwriting symbol font `symbols' in version `normal'
(Font)                  OMS/cmsy/m/n --> OMS/lmsy/m/n on input line 24.
LaTeX Font Info:    Overwriting symbol font `largesymbols' in version `normal'
(Font)                  OMX/cmex/m/n --> OMX/lmex/m/n on input line 25.
LaTeX Font Info:    Overwriting symbol font `operators' in version `bold'
(Font)                  OT1/cmr/bx/n --> OT1/lmr/bx/n on input line 26.
LaTeX Font Info:    Overwriting symbol font `letters' in version `bold'
(Font)                  OML/cmm/b/it --> OML/lmm/b/it on input line 27.
LaTeX Font Info:    Overwriting symbol font `symbols' in version `bold'
(Font)                  OMS/cmsy/b/n --> OMS/lmsy/b/n on input line 28.
LaTeX Font Info:    Overwriting symbol font `largesymbols' in version `bold'
(Font)                  OMX/cmex/m/n --> OMX/lmex/m/n on input line 29.
LaTeX Font Info:    Overwriting math alphabet `\mathbf' in version `normal'
(Font)                  OT1/cmr/bx/n --> OT1/lmr/bx/n on input line 31.
LaTeX Font Info:    Overwriting math alphabet `\mathsf' in version `normal'
(Font)                  OT1/cmss/m/n --> OT1/lmss/m/n on input line 32.
LaTeX Font Info:    Overwriting math alphabet `\mathit' in version `normal'
(Font)                  OT1/cmr/m/it --> OT1/lmr/m/it on input line 33.
LaTeX Font Info:    Overwriting math alphabet `\mathtt' in version `normal'
(Font)                  OT1/cmtt/m/n --> OT1/lmtt/m/n on input line 34.
LaTeX Font Info:    Overwriting math alphabet `\mathbf' in version `bold'
(Font)                  OT1/cmr/bx/n --> OT1/lmr/bx/n on input line 35.
LaTeX Font Info:    Overwriting math alphabet `\mathsf' in version `bold'
(Font)                  OT1/cmss/bx/n --> OT1/lmss/bx/n on input line 36.
LaTeX Font Info:    Overwriting math alphabet `\mathit' in version `bold'
(Font)                  OT1/cmr/bx/it --> OT1/lmr/bx/it on input line 37.
LaTeX Font Info:    Overwriting math alphabet `\mathtt' in version `bold'
(Font)                  OT1/cmtt/m/n --> OT1/lmtt/m/n on input line 38.
) (c:/texlive/2022/texmf-dist/tex/generic/iftex/iftex.sty
Package: iftex 2022/02/03 v1.0f TeX engine tests
) (c:/texlive/2022/texmf-dist/tex/latex/unicode-math/unicode-math.sty (c:/texli
ve/2022/texmf-dist/tex/latex/l3kernel/expl3.sty
Package: expl3 2022-07-15 L3 programming layer (loader) 
(c:/texlive/2022/texmf-dist/tex/latex/l3backend/l3backend-xetex.def
File: l3backend-xetex.def 2022-07-01 L3 backend support: XeTeX
\g__graphics_track_int=\count268
\l__pdf_internal_box=\box53
\g__pdf_backend_object_int=\count269
\g__pdf_backend_annotation_int=\count270
\g__pdf_backend_link_int=\count271
))
Package: unicode-math 2020/01/31 v0.8q Unicode maths in XeLaTeX and LuaLaTeX
(c:/texlive/2022/texmf-dist/tex/latex/unicode-math/unicode-math-xetex.sty
Package: unicode-math-xetex 2020/01/31 v0.8q Unicode maths in XeLaTeX and LuaLa
TeX
(c:/texlive/2022/texmf-dist/tex/latex/l3packages/xparse/xparse.sty
Package: xparse 2022-06-22 L3 Experimental document command parser
) (c:/texlive/2022/texmf-dist/tex/latex/l3packages/l3keys2e/l3keys2e.sty
Package: l3keys2e 2022-06-22 LaTeX2e option processing using LaTeX3 keys
) (c:/texlive/2022/texmf-dist/tex/latex/fontspec/fontspec.sty
Package: fontspec 2022/01/15 v2.8a Font selection for XeLaTeX and LuaLaTeX
(c:/texlive/2022/texmf-dist/tex/latex/fontspec/fontspec-xetex.sty
Package: fontspec-xetex 2022/01/15 v2.8a Font selection for XeLaTeX and LuaLaTe
X
\l__fontspec_script_int=\count272
\l__fontspec_language_int=\count273
\l__fontspec_strnum_int=\count274
\l__fontspec_tmp_int=\count275
\l__fontspec_tmpa_int=\count276
\l__fontspec_tmpb_int=\count277
\l__fontspec_tmpc_int=\count278
\l__fontspec_em_int=\count279
\l__fontspec_emdef_int=\count280
\l__fontspec_strong_int=\count281
\l__fontspec_strongdef_int=\count282
\l__fontspec_tmpa_dim=\dimen148
\l__fontspec_tmpb_dim=\dimen149
\l__fontspec_tmpc_dim=\dimen150
(c:/texlive/2022/texmf-dist/tex/latex/base/fontenc.sty
Package: fontenc 2021/04/29 v2.0v Standard LaTeX package
) (c:/texlive/2022/texmf-dist/tex/latex/fontspec/fontspec.cfg))) (c:/texlive/20
22/texmf-dist/tex/latex/base/fix-cm.sty
Package: fix-cm 2020/11/24 v1.1t fixes to LaTeX
(c:/texlive/2022/texmf-dist/tex/latex/base/ts1enc.def
File: ts1enc.def 2001/06/05 v3.0e (jk/car/fm) Standard LaTeX file
LaTeX Font Info:    Redeclaring font encoding TS1 on input line 47.
))
\g__um_fam_int=\count283
\g__um_fonts_used_int=\count284
\l__um_primecount_int=\count285
\g__um_primekern_muskip=\muskip17
(c:/texlive/2022/texmf-dist/tex/latex/unicode-math/unicode-math-table.tex))) (c
:/texlive/2022/texmf-dist/tex/latex/upquote/upquote.sty
Package: upquote 2012/04/19 v1.3 upright-quote and grave-accent glyphs in verba
tim
(c:/texlive/2022/texmf-dist/tex/latex/base/textcomp.sty
Package: textcomp 2020/02/02 v2.0n Standard LaTeX package
)) (c:/texlive/2022/texmf-dist/tex/latex/microtype/microtype.sty
Package: microtype 2022/06/23 v3.0f Micro-typographical refinements (RS)
(c:/texlive/2022/texmf-dist/tex/latex/graphics/keyval.sty
Package: keyval 2022/05/29 v1.15 key=value parser (DPC)
\KV@toks@=\toks21
) (c:/texlive/2022/texmf-dist/tex/latex/etoolbox/etoolbox.sty
Package: etoolbox 2020/10/05 v2.5k e-TeX tools for LaTeX (JAW)
\etb@tempcnta=\count286
)
\MT@toks=\toks22
\MT@tempbox=\box54
\MT@count=\count287
LaTeX Info: Redefining \noprotrusionifhmode on input line 1045.
LaTeX Info: Redefining \leftprotrusion on input line 1046.
LaTeX Info: Redefining \rightprotrusion on input line 1056.
LaTeX Info: Redefining \textls on input line 1234.
\MT@outer@kern=\dimen151
LaTeX Info: Redefining \textmicrotypecontext on input line 1858.
\MT@listname@count=\count288
(c:/texlive/2022/texmf-dist/tex/latex/microtype/microtype-xetex.def
File: microtype-xetex.def 2022/06/23 v3.0f Definitions specific to xetex (RS)
LaTeX Info: Redefining \lsstyle on input line 236.
)
Package microtype Info: Loading configuration file microtype.cfg.
(c:/texlive/2022/texmf-dist/tex/latex/microtype/microtype.cfg
File: microtype.cfg 2022/06/23 v3.0f microtype main configuration file (RS)
)) (c:/texlive/2022/texmf-dist/tex/latex/parskip/parskip.sty
Package: parskip 2021-03-14 v2.0h non-zero parskip adjustments
(c:/texlive/2022/texmf-dist/tex/latex/kvoptions/kvoptions.sty
Package: kvoptions 2022-06-15 v3.15 Key value format for package options (HO)
(c:/texlive/2022/texmf-dist/tex/generic/ltxcmds/ltxcmds.sty
Package: ltxcmds 2020-05-10 v1.25 LaTeX kernel commands for general use (HO)
) (c:/texlive/2022/texmf-dist/tex/generic/kvsetkeys/kvsetkeys.sty
Package: kvsetkeys 2019/12/15 v1.18 Key value parser (HO)
))) (c:/texlive/2022/texmf-dist/tex/latex/xcolor/xcolor.sty
Package: xcolor 2022/06/12 v2.14 LaTeX color extensions (UK)
(c:/texlive/2022/texmf-dist/tex/latex/graphics-cfg/color.cfg
File: color.cfg 2016/01/02 v1.6 sample color configuration
)
Package xcolor Info: Driver file: xetex.def on input line 227.
(c:/texlive/2022/texmf-dist/tex/latex/graphics-def/xetex.def
File: xetex.def 2022/04/16 v5.0m Graphics/color driver for xetex
) (c:/texlive/2022/texmf-dist/tex/latex/graphics/mathcolor.ltx)
Package xcolor Info: Model `cmy' substituted by `cmy0' on input line 1353.
Package xcolor Info: Model `RGB' extended on input line 1369.
Package xcolor Info: Model `HTML' substituted by `rgb' on input line 1371.
Package xcolor Info: Model `Hsb' substituted by `hsb' on input line 1372.
Package xcolor Info: Model `tHsb' substituted by `hsb' on input line 1373.
Package xcolor Info: Model `HSB' substituted by `hsb' on input line 1374.
Package xcolor Info: Model `Gray' substituted by `gray' on input line 1375.
Package xcolor Info: Model `wave' substituted by `hsb' on input line 1376.
) (c:/texlive/2022/texmf-dist/tex/latex/fancyvrb/fancyvrb.sty
Package: fancyvrb 2022/06/06 4.5 verbatim text (tvz,hv)
\FV@CodeLineNo=\count289
\FV@InFile=\read2
\FV@TabBox=\box55
\c@FancyVerbLine=\count290
\FV@StepNumber=\count291
\FV@OutFile=\write3
) (c:/texlive/2022/texmf-dist/tex/latex/framed/framed.sty
Package: framed 2011/10/22 v 0.96: framed or shaded text with page breaks
\OuterFrameSep=\skip52
\fb@frw=\dimen152
\fb@frh=\dimen153
\FrameRule=\dimen154
\FrameSep=\dimen155
) (c:/texlive/2022/texmf-dist/tex/latex/tools/longtable.sty
Package: longtable 2021-09-01 v4.17 Multi-page Table package (DPC)
\LTleft=\skip53
\LTright=\skip54
\LTpre=\skip55
\LTpost=\skip56
\LTchunksize=\count292
\LTcapwidth=\dimen156
\LT@head=\box56
\LT@firsthead=\box57
\LT@foot=\box58
\LT@lastfoot=\box59
\LT@gbox=\box60
\LT@cols=\count293
\LT@rows=\count294
\c@LT@tables=\count295
\c@LT@chunks=\count296
\LT@p@ftn=\toks23
) (c:/texlive/2022/texmf-dist/tex/latex/booktabs/booktabs.sty
Package: booktabs 2020/01/12 v1.61803398 Publication quality tables
\heavyrulewidth=\dimen157
\lightrulewidth=\dimen158
\cmidrulewidth=\dimen159
\belowrulesep=\dimen160
\belowbottomsep=\dimen161
\aboverulesep=\dimen162
\abovetopsep=\dimen163
\cmidrulesep=\dimen164
\cmidrulekern=\dimen165
\defaultaddspace=\dimen166
\@cmidla=\count297
\@cmidlb=\count298
\@aboverulesep=\dimen167
\@belowrulesep=\dimen168
\@thisruleclass=\count299
\@lastruleclass=\count300
\@thisrulewidth=\dimen169
) (c:/texlive/2022/texmf-dist/tex/latex/tools/array.sty
Package: array 2022/03/10 v2.5f Tabular extension package (FMi)
\col@sep=\dimen170
\ar@mcellbox=\box61
\extrarowheight=\dimen171
\NC@list=\toks24
\extratabsurround=\skip57
\backup@length=\skip58
\ar@cellbox=\box62
) (c:/texlive/2022/texmf-dist/tex/latex/tools/calc.sty
Package: calc 2017/05/25 v4.3 Infix arithmetic (KKT,FJ)
\calc@Acount=\count301
\calc@Bcount=\count302
\calc@Adimen=\dimen172
\calc@Bdimen=\dimen173
\calc@Askip=\skip59
\calc@Bskip=\skip60
LaTeX Info: Redefining \setlength on input line 80.
LaTeX Info: Redefining \addtolength on input line 81.
\calc@Ccount=\count303
\calc@Cskip=\skip61
) (c:/texlive/2022/texmf-dist/tex/latex/footnotehyper/footnotehyper.sty
Package: footnotehyper 2021/08/13 v1.1e hyperref aware footnote.sty (JFB)
\FNH@notes=\box63
\FNH@width=\dimen174
\FNH@toks=\toks25
) (c:/texlive/2022/texmf-dist/tex/latex/graphics/graphicx.sty
Package: graphicx 2021/09/16 v1.2d Enhanced LaTeX Graphics (DPC,SPQR)
(c:/texlive/2022/texmf-dist/tex/latex/graphics/graphics.sty
Package: graphics 2022/03/10 v1.4e Standard LaTeX Graphics (DPC,SPQR)
(c:/texlive/2022/texmf-dist/tex/latex/graphics/trig.sty
Package: trig 2021/08/11 v1.11 sin cos tan (DPC)
) (c:/texlive/2022/texmf-dist/tex/latex/graphics-cfg/graphics.cfg
File: graphics.cfg 2016/06/04 v1.11 sample graphics configuration
)
Package graphics Info: Driver file: xetex.def on input line 107.
)
\Gin@req@height=\dimen175
\Gin@req@width=\dimen176
) (c:/texlive/2022/texmf-dist/tex/latex/natbib/natbib.sty
Package: natbib 2010/09/13 8.31b (PWD, AO)
\bibhang=\skip62
\bibsep=\skip63
LaTeX Info: Redefining \cite on input line 694.
\c@NAT@ctr=\count304
) (c:/texlive/2022/texmf-dist/tex/latex/bookmark/bookmark.sty
Package: bookmark 2020-11-06 v1.29 PDF bookmarks (HO)
(c:/texlive/2022/texmf-dist/tex/latex/hyperref/hyperref.sty
Package: hyperref 2022-06-20 v7.00s Hypertext links for LaTeX
(c:/texlive/2022/texmf-dist/tex/generic/pdftexcmds/pdftexcmds.sty
Package: pdftexcmds 2020-06-27 v0.33 Utility functions of pdfTeX for LuaTeX (HO
)
(c:/texlive/2022/texmf-dist/tex/generic/infwarerr/infwarerr.sty
Package: infwarerr 2019/12/03 v1.5 Providing info/warning/error messages (HO)
)
Package pdftexcmds Info: \pdf@primitive is available.
Package pdftexcmds Info: \pdf@ifprimitive is available.
Package pdftexcmds Info: \pdfdraftmode not found.
) (c:/texlive/2022/texmf-dist/tex/generic/kvdefinekeys/kvdefinekeys.sty
Package: kvdefinekeys 2019-12-19 v1.6 Define keys (HO)
) (c:/texlive/2022/texmf-dist/tex/generic/pdfescape/pdfescape.sty
Package: pdfescape 2019/12/09 v1.15 Implements pdfTeX's escape features (HO)
) (c:/texlive/2022/texmf-dist/tex/latex/hycolor/hycolor.sty
Package: hycolor 2020-01-27 v1.10 Color options for hyperref/bookmark (HO)
) (c:/texlive/2022/texmf-dist/tex/latex/letltxmacro/letltxmacro.sty
Package: letltxmacro 2019/12/03 v1.6 Let assignment for LaTeX macros (HO)
) (c:/texlive/2022/texmf-dist/tex/latex/auxhook/auxhook.sty
Package: auxhook 2019-12-17 v1.6 Hooks for auxiliary files (HO)
) (c:/texlive/2022/texmf-dist/tex/latex/hyperref/nameref.sty
Package: nameref 2022-05-17 v2.50 Cross-referencing by name of section
(c:/texlive/2022/texmf-dist/tex/latex/refcount/refcount.sty
Package: refcount 2019/12/15 v3.6 Data extraction from label references (HO)
) (c:/texlive/2022/texmf-dist/tex/generic/gettitlestring/gettitlestring.sty
Package: gettitlestring 2019/12/15 v1.6 Cleanup title references (HO)
)
\c@section@level=\count305
)
\@linkdim=\dimen177
\Hy@linkcounter=\count306
\Hy@pagecounter=\count307
(c:/texlive/2022/texmf-dist/tex/latex/hyperref/pd1enc.def
File: pd1enc.def 2022-06-20 v7.00s Hyperref: PDFDocEncoding definition (HO)
) (c:/texlive/2022/texmf-dist/tex/generic/intcalc/intcalc.sty
Package: intcalc 2019/12/15 v1.3 Expandable calculations with integers (HO)
) (c:/texlive/2022/texmf-dist/tex/generic/etexcmds/etexcmds.sty
Package: etexcmds 2019/12/15 v1.7 Avoid name clashes with e-TeX commands (HO)
)
\Hy@SavedSpaceFactor=\count308
(c:/texlive/2022/texmf-dist/tex/latex/hyperref/puenc.def
File: puenc.def 2022-06-20 v7.00s Hyperref: PDF Unicode definition (HO)
)
Package hyperref Info: Option `unicode' set `true' on input line 4045.
Package hyperref Info: Hyper figures OFF on input line 4162.
Package hyperref Info: Link nesting OFF on input line 4167.
Package hyperref Info: Hyper index ON on input line 4170.
Package hyperref Info: Plain pages OFF on input line 4177.
Package hyperref Info: Backreferencing OFF on input line 4182.
Package hyperref Info: Implicit mode ON; LaTeX internals redefined.
Package hyperref Info: Bookmarks ON on input line 4408.
\c@Hy@tempcnt=\count309
(c:/texlive/2022/texmf-dist/tex/latex/url/url.sty
\Urlmuskip=\muskip18
Package: url 2013/09/16  ver 3.4  Verb mode for urls, etc.
)
LaTeX Info: Redefining \url on input line 4746.
\XeTeXLinkMargin=\dimen178
(c:/texlive/2022/texmf-dist/tex/generic/bitset/bitset.sty
Package: bitset 2019/12/09 v1.3 Handle bit-vector datatype (HO)
(c:/texlive/2022/texmf-dist/tex/generic/bigintcalc/bigintcalc.sty
Package: bigintcalc 2019/12/15 v1.5 Expandable calculations on big integers (HO
)
))
\Fld@menulength=\count310
\Field@Width=\dimen179
\Fld@charsize=\dimen180
Package hyperref Info: Hyper figures OFF on input line 6024.
Package hyperref Info: Link nesting OFF on input line 6029.
Package hyperref Info: Hyper index ON on input line 6032.
Package hyperref Info: backreferencing OFF on input line 6039.
Package hyperref Info: Link coloring OFF on input line 6044.
Package hyperref Info: Link coloring with OCG OFF on input line 6049.
Package hyperref Info: PDF/A mode OFF on input line 6054.
(c:/texlive/2022/texmf-dist/tex/latex/base/atbegshi-ltx.sty
Package: atbegshi-ltx 2021/01/10 v1.0c Emulation of the original atbegshi
package with kernel methods
)
\Hy@abspage=\count311
\c@Item=\count312
\c@Hfootnote=\count313
)
Package hyperref Info: Driver (autodetected): hxetex.
(c:/texlive/2022/texmf-dist/tex/latex/hyperref/hxetex.def
File: hxetex.def 2022-06-20 v7.00s Hyperref driver for XeTeX
(c:/texlive/2022/texmf-dist/tex/generic/stringenc/stringenc.sty
Package: stringenc 2019/11/29 v1.12 Convert strings between diff. encodings (HO
)
)
\pdfm@box=\box64
\c@Hy@AnnotLevel=\count314
\HyField@AnnotCount=\count315
\Fld@listcount=\count316
\c@bookmark@seq@number=\count317
(c:/texlive/2022/texmf-dist/tex/latex/rerunfilecheck/rerunfilecheck.sty
Package: rerunfilecheck 2022-07-10 v1.10 Rerun checks for auxiliary files (HO)
(c:/texlive/2022/texmf-dist/tex/latex/base/atveryend-ltx.sty
Package: atveryend-ltx 2020/08/19 v1.0a Emulation of the original atveryend pac
kage
with kernel methods
) (c:/texlive/2022/texmf-dist/tex/generic/uniquecounter/uniquecounter.sty
Package: uniquecounter 2019/12/15 v1.4 Provide unlimited unique counter (HO)
)
Package uniquecounter Info: New unique counter `rerunfilecheck' on input line 2
85.
)
\Hy@SectionHShift=\skip64
) (c:/texlive/2022/texmf-dist/tex/latex/bookmark/bkm-dvipdfm.def
File: bkm-dvipdfm.def 2020-11-06 v1.29 bookmark driver for dvipdfm (HO)
\BKM@id=\count318
)) (c:/texlive/2022/texmf-dist/tex/latex/xurl/xurl.sty
Package: xurl 2022/01/09 v 0.10 modify URL breaks
) (c:/texlive/2022/texmf-dist/tex/latex/amscls/amsthm.sty
Package: amsthm 2020/05/29 v2.20.6
\thm@style=\toks26
\thm@bodyfont=\toks27
\thm@headfont=\toks28
\thm@notefont=\toks29
\thm@headpunct=\toks30
\thm@preskip=\skip65
\thm@postskip=\skip66
\thm@headsep=\skip67
\dth@everypar=\toks31
)
\c@theorem=\count319
\c@lemma=\count320
\c@corollary=\count321
\c@proposition=\count322
\c@conjecture=\count323
\c@definition=\count324
\c@example=\count325
\c@exercise=\count326
\c@hypothesis=\count327
No file _main.aux.
\openout1 = `_main.aux'.

LaTeX Font Info:    Checking defaults for OML/cmm/m/it on input line 139.
LaTeX Font Info:    ... okay on input line 139.
LaTeX Font Info:    Checking defaults for OMS/cmsy/m/n on input line 139.
LaTeX Font Info:    ... okay on input line 139.
LaTeX Font Info:    Checking defaults for OT1/cmr/m/n on input line 139.
LaTeX Font Info:    ... okay on input line 139.
LaTeX Font Info:    Checking defaults for T1/cmr/m/n on input line 139.
LaTeX Font Info:    ... okay on input line 139.
LaTeX Font Info:    Checking defaults for TS1/cmr/m/n on input line 139.
LaTeX Font Info:    ... okay on input line 139.
LaTeX Font Info:    Checking defaults for TU/lmr/m/n on input line 139.
LaTeX Font Info:    ... okay on input line 139.
LaTeX Font Info:    Checking defaults for OMX/cmex/m/n on input line 139.
LaTeX Font Info:    ... okay on input line 139.
LaTeX Font Info:    Checking defaults for U/cmr/m/n on input line 139.
LaTeX Font Info:    ... okay on input line 139.
LaTeX Font Info:    Checking defaults for PD1/pdf/m/n on input line 139.
LaTeX Font Info:    ... okay on input line 139.
LaTeX Font Info:    Checking defaults for PU/pdf/m/n on input line 139.
LaTeX Font Info:    ... okay on input line 139.
LaTeX Font Info:    Overwriting math alphabet `\mathrm' in version `normal'
(Font)                  OT1/lmr/m/n --> TU/lmr/m/n on input line 139.
LaTeX Font Info:    Overwriting math alphabet `\mathit' in version `normal'
(Font)                  OT1/lmr/m/it --> TU/lmr/m/it on input line 139.
LaTeX Font Info:    Overwriting math alphabet `\mathbf' in version `normal'
(Font)                  OT1/lmr/bx/n --> TU/lmr/bx/n on input line 139.
LaTeX Font Info:    Overwriting math alphabet `\mathsf' in version `normal'
(Font)                  OT1/lmss/m/n --> TU/lmss/m/n on input line 139.
LaTeX Font Info:    Overwriting math alphabet `\mathsf' in version `bold'
(Font)                  OT1/lmss/bx/n --> TU/lmss/bx/n on input line 139.
LaTeX Font Info:    Overwriting math alphabet `\mathtt' in version `normal'
(Font)                  OT1/lmtt/m/n --> TU/lmtt/m/n on input line 139.
LaTeX Font Info:    Overwriting math alphabet `\mathtt' in version `bold'
(Font)                  OT1/lmtt/m/n --> TU/lmtt/bx/n on input line 139.

Package fontspec Info: latinmodern-math scale = 0.9999964596882403.


Package fontspec Info: latinmodern-math scale = 0.9999964596882403.


Package fontspec Info: latinmodern-math scale = 0.9999964596882403.


Package fontspec Info: Font family 'latinmodern-math.otf(0)' created for font
(fontspec)             'latinmodern-math.otf' with options
(fontspec)             [Scale=MatchLowercase,BoldItalicFont={},ItalicFont={},Sm
allCapsFont={},Script=Math,BoldFont={latinmodern-math.otf}].
(fontspec)              
(fontspec)              This font family consists of the following NFSS
(fontspec)             series/shapes:
(fontspec)              
(fontspec)             - 'normal' (m/n) with NFSS spec.:
(fontspec)             <->s*[0.9999964596882403]"[latinmodern-math.otf]/OT:scri
pt=math;language=dflt;"
(fontspec)             - 'small caps'  (m/sc) with NFSS spec.: 
(fontspec)             - 'bold' (b/n) with NFSS spec.:
(fontspec)             <->s*[0.9999964596882403]"[latinmodern-math.otf]/OT:scri
pt=math;language=dflt;"
(fontspec)             - 'bold small caps'  (b/sc) with NFSS spec.: 

LaTeX Font Info:    Font shape `TU/latinmodern-math.otf(0)/m/n' will be
(Font)              scaled to size 10.0pt on input line 139.

Package fontspec Info: latinmodern-math scale = 0.9999964596882403.


Package fontspec Info: latinmodern-math scale = 0.9999964596882403.


Package fontspec Info: latinmodern-math scale = 0.9999964596882403.


Package fontspec Info: latinmodern-math scale = 0.9999964596882403.


Package fontspec Info: latinmodern-math scale = 0.9999964596882403.


Package fontspec Info: Font family 'latinmodern-math.otf(1)' created for font
(fontspec)             'latinmodern-math.otf' with options
(fontspec)             [Scale=MatchLowercase,BoldItalicFont={},ItalicFont={},Sm
allCapsFont={},Script=Math,SizeFeatures={{Size=8.5-},{Size=6-8.5,Font=latinmode
rn-math.otf,Style=MathScript},{Size=-6,Font=latinmodern-math.otf,Style=MathScri
ptScript}},BoldFont={latinmodern-math.otf}].
(fontspec)              
(fontspec)              This font family consists of the following NFSS
(fontspec)             series/shapes:
(fontspec)              
(fontspec)             - 'normal' (m/n) with NFSS spec.:
(fontspec)             <8.5->s*[0.9999964596882403]"[latinmodern-math.otf]/OT:s
cript=math;language=dflt;"<6-8.5>s*[0.9999964596882403]"[latinmodern-math.otf]/
OT:script=math;language=dflt;+ssty=0;"<-6>s*[0.9999964596882403]"[latinmodern-m
ath.otf]/OT:script=math;language=dflt;+ssty=1;"
(fontspec)             - 'small caps'  (m/sc) with NFSS spec.: 
(fontspec)             - 'bold' (b/n) with NFSS spec.:
(fontspec)             <->s*[0.9999964596882403]"[latinmodern-math.otf]/OT:scri
pt=math;language=dflt;"
(fontspec)             - 'bold small caps'  (b/sc) with NFSS spec.: 

LaTeX Font Info:    Font shape `TU/latinmodern-math.otf(1)/m/n' will be
(Font)              scaled to size 10.0pt on input line 139.
LaTeX Font Info:    Encoding `OT1' has changed to `TU' for symbol font
(Font)              `operators' in the math version `normal' on input line 139.

LaTeX Font Info:    Overwriting symbol font `operators' in version `normal'
(Font)                  OT1/lmr/m/n --> TU/latinmodern-math.otf(1)/m/n on input
 line 139.
LaTeX Font Info:    Encoding `OT1' has changed to `TU' for symbol font
(Font)              `operators' in the math version `bold' on input line 139.
LaTeX Font Info:    Overwriting symbol font `operators' in version `bold'
(Font)                  OT1/lmr/bx/n --> TU/latinmodern-math.otf(1)/b/n on inpu
t line 139.

Package fontspec Info: latinmodern-math scale = 0.9999964596882403.


Package fontspec Info: latinmodern-math scale = 1.000096459334209.


Package fontspec Info: latinmodern-math scale = 0.9999964596882403.


Package fontspec Info: latinmodern-math scale = 1.000096459334209.


Package fontspec Info: latinmodern-math scale = 0.9999964596882403.


Package fontspec Info: latinmodern-math scale = 1.000096459334209.


Package fontspec Info: latinmodern-math scale = 0.9999964596882403.


Package fontspec Info: latinmodern-math scale = 1.000096459334209.


Package fontspec Info: latinmodern-math scale = 0.9999964596882403.


Package fontspec Info: latinmodern-math scale = 1.000096459334209.


Package fontspec Info: Font family 'latinmodern-math.otf(2)' created for font
(fontspec)             'latinmodern-math.otf' with options
(fontspec)             [Scale=MatchLowercase,BoldItalicFont={},ItalicFont={},Sm
allCapsFont={},Script=Math,SizeFeatures={{Size=8.5-},{Size=6-8.5,Font=latinmode
rn-math.otf,Style=MathScript},{Size=-6,Font=latinmodern-math.otf,Style=MathScri
ptScript}},BoldFont={latinmodern-math.otf},ScaleAgain=1.0001,FontAdjustment={\f
ontdimen
(fontspec)             8\font =6.77pt\relax \fontdimen 9\font =3.94pt\relax
(fontspec)             \fontdimen 10\font =4.44pt\relax \fontdimen 11\font
(fontspec)             =6.86pt\relax \fontdimen 12\font =3.45pt\relax
(fontspec)             \fontdimen 13\font =3.63pt\relax \fontdimen 14\font
(fontspec)             =3.63pt\relax \fontdimen 15\font =2.89pt\relax
(fontspec)             \fontdimen 16\font =2.47pt\relax \fontdimen 17\font
(fontspec)             =2.47pt\relax \fontdimen 18\font =2.5pt\relax
(fontspec)             \fontdimen 19\font =2.0pt\relax \fontdimen 22\font
(fontspec)             =2.5pt\relax \fontdimen 20\font =0pt\relax \fontdimen
(fontspec)             21\font =0pt\relax }].
(fontspec)              
(fontspec)              This font family consists of the following NFSS
(fontspec)             series/shapes:
(fontspec)              
(fontspec)             - 'normal' (m/n) with NFSS spec.:
(fontspec)             <8.5->s*[1.000096459334209]"[latinmodern-math.otf]/OT:sc
ript=math;language=dflt;"<6-8.5>s*[1.000096459334209]"[latinmodern-math.otf]/OT
:script=math;language=dflt;+ssty=0;"<-6>s*[1.000096459334209]"[latinmodern-math
.otf]/OT:script=math;language=dflt;+ssty=1;"
(fontspec)             - 'small caps'  (m/sc) with NFSS spec.: 
(fontspec)             and font adjustment code:
(fontspec)             \fontdimen 8\font =6.77pt\relax \fontdimen 9\font
(fontspec)             =3.94pt\relax \fontdimen 10\font =4.44pt\relax
(fontspec)             \fontdimen 11\font =6.86pt\relax \fontdimen 12\font
(fontspec)             =3.45pt\relax \fontdimen 13\font =3.63pt\relax
(fontspec)             \fontdimen 14\font =3.63pt\relax \fontdimen 15\font
(fontspec)             =2.89pt\relax \fontdimen 16\font =2.47pt\relax
(fontspec)             \fontdimen 17\font =2.47pt\relax \fontdimen 18\font
(fontspec)             =2.5pt\relax \fontdimen 19\font =2.0pt\relax \fontdimen
(fontspec)             22\font =2.5pt\relax \fontdimen 20\font =0pt\relax
(fontspec)             \fontdimen 21\font =0pt\relax 
(fontspec)             - 'bold' (b/n) with NFSS spec.:
(fontspec)             <->s*[1.000096459334209]"[latinmodern-math.otf]/OT:scrip
t=math;language=dflt;"
(fontspec)             - 'bold small caps'  (b/sc) with NFSS spec.: 
(fontspec)             and font adjustment code:
(fontspec)             \fontdimen 8\font =6.77pt\relax \fontdimen 9\font
(fontspec)             =3.94pt\relax \fontdimen 10\font =4.44pt\relax
(fontspec)             \fontdimen 11\font =6.86pt\relax \fontdimen 12\font
(fontspec)             =3.45pt\relax \fontdimen 13\font =3.63pt\relax
(fontspec)             \fontdimen 14\font =3.63pt\relax \fontdimen 15\font
(fontspec)             =2.89pt\relax \fontdimen 16\font =2.47pt\relax
(fontspec)             \fontdimen 17\font =2.47pt\relax \fontdimen 18\font
(fontspec)             =2.5pt\relax \fontdimen 19\font =2.0pt\relax \fontdimen
(fontspec)             22\font =2.5pt\relax \fontdimen 20\font =0pt\relax
(fontspec)             \fontdimen 21\font =0pt\relax 

LaTeX Font Info:    Encoding `OMS' has changed to `TU' for symbol font
(Font)              `symbols' in the math version `normal' on input line 139.
LaTeX Font Info:    Overwriting symbol font `symbols' in version `normal'
(Font)                  OMS/lmsy/m/n --> TU/latinmodern-math.otf(2)/m/n on inpu
t line 139.
LaTeX Font Info:    Encoding `OMS' has changed to `TU' for symbol font
(Font)              `symbols' in the math version `bold' on input line 139.
LaTeX Font Info:    Overwriting symbol font `symbols' in version `bold'
(Font)                  OMS/lmsy/b/n --> TU/latinmodern-math.otf(2)/b/n on inpu
t line 139.

Package fontspec Info: latinmodern-math scale = 0.9999964596882403.


Package fontspec Info: latinmodern-math scale = 0.9998964600422715.


Package fontspec Info: latinmodern-math scale = 0.9999964596882403.


Package fontspec Info: latinmodern-math scale = 0.9998964600422715.


Package fontspec Info: latinmodern-math scale = 0.9999964596882403.


Package fontspec Info: latinmodern-math scale = 0.9998964600422715.


Package fontspec Info: latinmodern-math scale = 0.9999964596882403.


Package fontspec Info: latinmodern-math scale = 0.9998964600422715.


Package fontspec Info: latinmodern-math scale = 0.9999964596882403.


Package fontspec Info: latinmodern-math scale = 0.9998964600422715.


Package fontspec Info: Font family 'latinmodern-math.otf(3)' created for font
(fontspec)             'latinmodern-math.otf' with options
(fontspec)             [Scale=MatchLowercase,BoldItalicFont={},ItalicFont={},Sm
allCapsFont={},Script=Math,SizeFeatures={{Size=8.5-},{Size=6-8.5,Font=latinmode
rn-math.otf,Style=MathScript},{Size=-6,Font=latinmodern-math.otf,Style=MathScri
ptScript}},BoldFont={latinmodern-math.otf},ScaleAgain=0.9999,FontAdjustment={\f
ontdimen
(fontspec)             8\font =0.4pt\relax \fontdimen 9\font =2.0pt\relax
(fontspec)             \fontdimen 10\font =1.67pt\relax \fontdimen 11\font
(fontspec)             =1.11pt\relax \fontdimen 12\font =6.0pt\relax
(fontspec)             \fontdimen 13\font =0pt\relax }].
(fontspec)              
(fontspec)              This font family consists of the following NFSS
(fontspec)             series/shapes:
(fontspec)              
(fontspec)             - 'normal' (m/n) with NFSS spec.:
(fontspec)             <8.5->s*[0.9998964600422715]"[latinmodern-math.otf]/OT:s
cript=math;language=dflt;"<6-8.5>s*[0.9998964600422715]"[latinmodern-math.otf]/
OT:script=math;language=dflt;+ssty=0;"<-6>s*[0.9998964600422715]"[latinmodern-m
ath.otf]/OT:script=math;language=dflt;+ssty=1;"
(fontspec)             - 'small caps'  (m/sc) with NFSS spec.: 
(fontspec)             and font adjustment code:
(fontspec)             \fontdimen 8\font =0.4pt\relax \fontdimen 9\font
(fontspec)             =2.0pt\relax \fontdimen 10\font =1.67pt\relax
(fontspec)             \fontdimen 11\font =1.11pt\relax \fontdimen 12\font
(fontspec)             =6.0pt\relax \fontdimen 13\font =0pt\relax 
(fontspec)             - 'bold' (b/n) with NFSS spec.:
(fontspec)             <->s*[0.9998964600422715]"[latinmodern-math.otf]/OT:scri
pt=math;language=dflt;"
(fontspec)             - 'bold small caps'  (b/sc) with NFSS spec.: 
(fontspec)             and font adjustment code:
(fontspec)             \fontdimen 8\font =0.4pt\relax \fontdimen 9\font
(fontspec)             =2.0pt\relax \fontdimen 10\font =1.67pt\relax
(fontspec)             \fontdimen 11\font =1.11pt\relax \fontdimen 12\font
(fontspec)             =6.0pt\relax \fontdimen 13\font =0pt\relax 

LaTeX Font Info:    Encoding `OMX' has changed to `TU' for symbol font
(Font)              `largesymbols' in the math version `normal' on input line 1
39.
LaTeX Font Info:    Overwriting symbol font `largesymbols' in version `normal'
(Font)                  OMX/lmex/m/n --> TU/latinmodern-math.otf(3)/m/n on inpu
t line 139.
LaTeX Font Info:    Encoding `OMX' has changed to `TU' for symbol font
(Font)              `largesymbols' in the math version `bold' on input line 139
.
LaTeX Font Info:    Overwriting symbol font `largesymbols' in version `bold'
(Font)                  OMX/lmex/m/n --> TU/latinmodern-math.otf(3)/b/n on inpu
t line 139.
LaTeX Info: Redefining \microtypecontext on input line 139.
Package microtype Info: Applying patch `item' on input line 139.
Package microtype Info: Applying patch `toc' on input line 139.
Package microtype Info: Applying patch `eqnum' on input line 139.
Package microtype Info: Applying patch `footnote' on input line 139.
Package microtype Info: Character protrusion enabled (level 2).
Package microtype Info: Using protrusion set `basicmath'.
Package microtype Info: No adjustment of tracking.
Package microtype Info: No adjustment of spacing.
Package microtype Info: No adjustment of kerning.
(c:/texlive/2022/texmf-dist/tex/latex/microtype/mt-LatinModernRoman.cfg
File: mt-LatinModernRoman.cfg 2021/02/21 v1.1 microtype config. file: Latin Mod
ern Roman (RS)
)
Package hyperref Info: Link coloring OFF on input line 139.

Package hyperref Warning: Rerun to get /PageLabels entry.

LaTeX Font Info:    Font shape `TU/latinmodern-math.otf(1)/m/n' will be
(Font)              scaled to size 12.0pt on input line 141.
LaTeX Font Info:    Font shape `TU/latinmodern-math.otf(1)/m/n' will be
(Font)              scaled to size 8.0pt on input line 141.
LaTeX Font Info:    Font shape `TU/latinmodern-math.otf(1)/m/n' will be
(Font)              scaled to size 6.0pt on input line 141.
LaTeX Font Info:    Trying to load font information for OML+lmm on input line 1
41.
(c:/texlive/2022/texmf-dist/tex/latex/lm/omllmm.fd
File: omllmm.fd 2015/05/01 v1.6.1 Font defs for Latin Modern
)
LaTeX Font Info:    Font shape `TU/latinmodern-math.otf(2)/m/n' will be
(Font)              scaled to size 12.0011pt on input line 141.
LaTeX Font Info:    Font shape `TU/latinmodern-math.otf(2)/m/n' will be
(Font)              scaled to size 8.00073pt on input line 141.
LaTeX Font Info:    Font shape `TU/latinmodern-math.otf(2)/m/n' will be
(Font)              scaled to size 6.00055pt on input line 141.
LaTeX Font Info:    Font shape `TU/latinmodern-math.otf(3)/m/n' will be
(Font)              scaled to size 11.99872pt on input line 141.
LaTeX Font Info:    Font shape `TU/latinmodern-math.otf(3)/m/n' will be
(Font)              scaled to size 7.99915pt on input line 141.
LaTeX Font Info:    Font shape `TU/latinmodern-math.otf(3)/m/n' will be
(Font)              scaled to size 5.99936pt on input line 141.
LaTeX Font Info:    Trying to load font information for U+msa on input line 141
.
(c:/texlive/2022/texmf-dist/tex/latex/amsfonts/umsa.fd
File: umsa.fd 2013/01/14 v3.01 AMS symbols A
) (c:/texlive/2022/texmf-dist/tex/latex/microtype/mt-msa.cfg
File: mt-msa.cfg 2006/02/04 v1.1 microtype config. file: AMS symbols (a) (RS)
)
LaTeX Font Info:    Trying to load font information for U+msb on input line 141
.
(c:/texlive/2022/texmf-dist/tex/latex/amsfonts/umsb.fd
File: umsb.fd 2013/01/14 v3.01 AMS symbols B
) (c:/texlive/2022/texmf-dist/tex/latex/microtype/mt-msb.cfg
File: mt-msb.cfg 2005/06/01 v1.0 microtype config. file: AMS symbols (b) (RS)
) [1


] [2

] (./_main.toc
LaTeX Font Info:    Font shape `TU/latinmodern-math.otf(1)/m/n' will be
(Font)              scaled to size 7.0pt on input line 2.
LaTeX Font Info:    Font shape `TU/latinmodern-math.otf(1)/m/n' will be
(Font)              scaled to size 5.0pt on input line 2.
LaTeX Font Info:    Font shape `TU/latinmodern-math.otf(2)/m/n' will be
(Font)              scaled to size 10.00092pt on input line 2.
LaTeX Font Info:    Font shape `TU/latinmodern-math.otf(2)/m/n' will be
(Font)              scaled to size 7.00064pt on input line 2.
LaTeX Font Info:    Font shape `TU/latinmodern-math.otf(2)/m/n' will be
(Font)              scaled to size 5.00046pt on input line 2.
LaTeX Font Info:    Font shape `TU/latinmodern-math.otf(3)/m/n' will be
(Font)              scaled to size 9.99893pt on input line 2.
LaTeX Font Info:    Font shape `TU/latinmodern-math.otf(3)/m/n' will be
(Font)              scaled to size 6.99925pt on input line 2.
LaTeX Font Info:    Font shape `TU/latinmodern-math.otf(3)/m/n' will be
(Font)              scaled to size 4.99947pt on input line 2.
[3])
\tf@toc=\write4
\openout4 = `_main.toc'.

[4] [5

] [6

]
Chapter 1.
[7]

LaTeX Warning: Reference `eq:bayes' on page 8 undefined on input line 216.

[8]

LaTeX Warning: Reference `eq:unnorm' on page 9 undefined on input line 248.

[9]
LaTeX Font Info:    Font shape `TU/lmtt/bx/n' in size <10> not available
(Font)              Font shape `TU/lmtt/b/n' tried instead on input line 277.

Overfull \hbox (337.5pt too wide) in paragraph at lines 283--283
[]\TU/lmtt/m/n/10 (b) $P(\theta=1 | y=1) = \frac{p(\theta=1)p(y|\theta=1)}{p(y)
}= \frac{(1/2)N(1,4)}{(1/2)N(1,\sigma^2)+ (1/2)N(2,\sigma^2)}$ = 0.53[] 
 []


LaTeX Font Warning: Font shape `TU/lmtt/bx/it' in size <10> not available
(Font)              Font shape `TU/lmtt/b/sl' tried instead on input line 317.

[10]
File: _main_files/figure-latex/unnamed-chunk-6-1.pdf Graphic file (type pdf)
<use _main_files/figure-latex/unnamed-chunk-6-1.pdf>

Underfull \vbox (badness 10000) has occurred while \output is active []

[11]
File: _main_files/figure-latex/unnamed-chunk-7-1.pdf Graphic file (type pdf)
<use _main_files/figure-latex/unnamed-chunk-7-1.pdf>

Underfull \vbox (badness 10000) has occurred while \output is active []

[12]
Overfull \vbox (0.37402pt too high) detected at line 659
 []

[13]
Underfull \vbox (badness 10000) detected at line 659
 []


Underfull \vbox (badness 10000) detected at line 659
 []

[14]
Underfull \vbox (badness 10000) detected at line 659
 []


Underfull \vbox (badness 10000) detected at line 659
 []

[15]
Underfull \vbox (badness 10000) detected at line 659
 []


Underfull \vbox (badness 10000) detected at line 659
 []

[16]
Underfull \vbox (badness 10000) detected at line 691
 []


Underfull \vbox (badness 10000) has occurred while \output is active []

[17]
File: _main_files/figure-latex/unnamed-chunk-9-1.pdf Graphic file (type pdf)
<use _main_files/figure-latex/unnamed-chunk-9-1.pdf>
File: _main_files/figure-latex/unnamed-chunk-9-2.pdf Graphic file (type pdf)
<use _main_files/figure-latex/unnamed-chunk-9-2.pdf>

Underfull \vbox (badness 10000) has occurred while \output is active []

[18]
File: _main_files/figure-latex/unnamed-chunk-9-3.pdf Graphic file (type pdf)
<use _main_files/figure-latex/unnamed-chunk-9-3.pdf>
[19] [20]
File: _main_files/figure-latex/unnamed-chunk-10-1.pdf Graphic file (type pdf)
<use _main_files/figure-latex/unnamed-chunk-10-1.pdf>
File: _main_files/figure-latex/unnamed-chunk-10-2.pdf Graphic file (type pdf)
<use _main_files/figure-latex/unnamed-chunk-10-2.pdf>

Underfull \vbox (badness 10000) has occurred while \output is active []

[21]
File: _main_files/figure-latex/unnamed-chunk-10-3.pdf Graphic file (type pdf)
<use _main_files/figure-latex/unnamed-chunk-10-3.pdf>
File: _main_files/figure-latex/unnamed-chunk-10-4.pdf Graphic file (type pdf)
<use _main_files/figure-latex/unnamed-chunk-10-4.pdf>

Underfull \vbox (badness 10000) has occurred while \output is active []

[22] [23] [24

]
Chapter 2.

Package amsmath Warning: Foreign command \atopwithdelims;
(amsmath)                \frac or \genfrac should be used instead
(amsmath)                 on input line 832.


LaTeX Warning: Reference `eq:evesLaw' on page 25 undefined on input line 860.

[25] [26]
Missing character: There is no 𝜃 (U+1D703) in font [lmroman10-regular]:mapping=
tex-text;!
[27] [28] [29] [30]
File: _main_files/figure-latex/unnamed-chunk-11-1.pdf Graphic file (type pdf)
<use _main_files/figure-latex/unnamed-chunk-11-1.pdf>
File: _main_files/figure-latex/unnamed-chunk-11-2.pdf Graphic file (type pdf)
<use _main_files/figure-latex/unnamed-chunk-11-2.pdf>

Underfull \vbox (badness 10000) has occurred while \output is active []

[31]
File: _main_files/figure-latex/unnamed-chunk-12-1.pdf Graphic file (type pdf)
<use _main_files/figure-latex/unnamed-chunk-12-1.pdf>

Underfull \vbox (badness 3158) has occurred while \output is active []

[32]
Missing character: There is no 𝜎 (U+1D70E) in font [lmroman10-regular]:mapping=
tex-text;!
[33]
File: _main_files/figure-latex/unnamed-chunk-13-1.pdf Graphic file (type pdf)
<use _main_files/figure-latex/unnamed-chunk-13-1.pdf>
[34] [35]
File: _main_files/figure-latex/unnamed-chunk-14-1.pdf Graphic file (type pdf)
<use _main_files/figure-latex/unnamed-chunk-14-1.pdf>

Overfull \hbox (85.63422pt too wide) detected at line 1300
[][]
 []


Underfull \vbox (badness 10000) has occurred while \output is active []

[36]
Underfull \hbox (badness 1688) in paragraph at lines 1324--1325
[]\TU/lmr/m/n/10 For known variance, the limit of the posterior is $[][][][] []
[] []
 []

[37] [38]
Missing character: There is no ≈ (U+2248) in font [lmroman10-regular]:mapping=t
ex-text;!
[39] [40]
File: _main_files/figure-latex/unnamed-chunk-20-1.pdf Graphic file (type pdf)
<use _main_files/figure-latex/unnamed-chunk-20-1.pdf>
File: _main_files/figure-latex/unnamed-chunk-21-1.pdf Graphic file (type pdf)
<use _main_files/figure-latex/unnamed-chunk-21-1.pdf>

Underfull \vbox (badness 10000) has occurred while \output is active []

[41]
Overfull \vbox (2.024pt too high) detected at line 1685
 []

[42]
File: _main_files/figure-latex/unnamed-chunk-22-1.pdf Graphic file (type pdf)
<use _main_files/figure-latex/unnamed-chunk-22-1.pdf>
[43] [44]
File: _main_files/figure-latex/unnamed-chunk-23-1.pdf Graphic file (type pdf)
<use _main_files/figure-latex/unnamed-chunk-23-1.pdf>

Underfull \vbox (badness 10000) has occurred while \output is active []

[45]
Overfull \hbox (1.5pt too wide) in paragraph at lines 1825--1825
[]\TU/lmtt/m/n/10 ## posterior gamma interval n=10: 21.1065649790459 26.8837793
21636[] 
 []


Overfull \hbox (1.5pt too wide) in paragraph at lines 1837--1837
[]\TU/lmtt/m/n/10 ## posterior gamma interval n=10: 21.1065649790459 26.8837793
21636[] 
 []

[46]
File: _main_files/figure-latex/unnamed-chunk-23-2.pdf Graphic file (type pdf)
<use _main_files/figure-latex/unnamed-chunk-23-2.pdf>

Underfull \vbox (badness 10000) has occurred while \output is active []

[47] [48]
File: _main_files/figure-latex/unnamed-chunk-24-1.pdf Graphic file (type pdf)
<use _main_files/figure-latex/unnamed-chunk-24-1.pdf>
[49] [50]
File: _main_files/figure-latex/unnamed-chunk-25-1.pdf Graphic file (type pdf)
<use _main_files/figure-latex/unnamed-chunk-25-1.pdf>
[51]
Overfull \hbox (33.0pt too wide) in paragraph at lines 2148--2148
[]\TU/lmtt/m/n/10 ##  8,000 per 100 million miles flown has fatality rate: Gamm
a posterior[] 
 []


Overfull \hbox (22.5pt too wide) in paragraph at lines 2168--2168
[]\TU/lmtt/m/n/10 ##  8,000 per 100 million miles flown has fatality rate: norm
al approx[] 
 []

[52]
File: _main_files/figure-latex/unnamed-chunk-26-1.pdf Graphic file (type pdf)
<use _main_files/figure-latex/unnamed-chunk-26-1.pdf>

Underfull \vbox (badness 1817) has occurred while \output is active []

[53] [54]
File: _main_files/figure-latex/unnamed-chunk-26-2.pdf Graphic file (type pdf)
<use _main_files/figure-latex/unnamed-chunk-26-2.pdf>
[55]
File: _main_files/figure-latex/unnamed-chunk-27-1.pdf Graphic file (type pdf)
<use _main_files/figure-latex/unnamed-chunk-27-1.pdf>
[56]
File: _main_files/figure-latex/unnamed-chunk-27-2.pdf Graphic file (type pdf)
<use _main_files/figure-latex/unnamed-chunk-27-2.pdf>

Overfull \hbox (143.25pt too wide) in paragraph at lines 2424--2424
[]\TU/lmtt/m/n/10 ##  8,000 per 100 million miles flown has passanger death : G
amma posterior & Jeffreys[] prior[] 
 []

[57]
Overfull \hbox (43.5pt too wide) in paragraph at lines 2506--2506
[]\TU/lmtt/m/n/10 ## missing/not asked very conservative      conservative     
     moderate[] 
 []


Overfull \hbox (43.5pt too wide) in paragraph at lines 2506--2506
[]\TU/lmtt/m/n/10 ##                 0              2417              9795     
        11197[] 
 []


Overfull \hbox (85.5pt too wide) in paragraph at lines 2527--2527
[]\TU/lmtt/m/n/10 ##  18  19  20  21  22  23  24  25  26  27  28  29  30  31  3
2  33  34  35  36  37[] 
 []


Overfull \hbox (85.5pt too wide) in paragraph at lines 2527--2527
[]\TU/lmtt/m/n/10 ## 628 431 363 341 316 374 355 343 406 337 391 398 446 366 37
5 378 334 398 417 482[] 
 []

[58]
Overfull \hbox (85.5pt too wide) in paragraph at lines 2527--2527
[]\TU/lmtt/m/n/10 ##  38  39  40  41  42  43  44  45  46  47  48  49  50  51  5
2  53  54  55  56  57[] 
 []


Overfull \hbox (85.5pt too wide) in paragraph at lines 2527--2527
[]\TU/lmtt/m/n/10 ## 509 441 617 464 542 470 529 582 571 615 639 593 891 598 72
7 618 639 731 600 541[] 
 []


Overfull \hbox (85.5pt too wide) in paragraph at lines 2527--2527
[]\TU/lmtt/m/n/10 ##  58  59  60  61  62  63  64  65  66  67  68  69  70  71  7
2  73  74  75  76  77[] 
 []


Overfull \hbox (85.5pt too wide) in paragraph at lines 2527--2527
[]\TU/lmtt/m/n/10 ## 662 561 799 584 590 419 489 596 422 426 373 368 494 294 35
8 266 256 323 260 269[] 
 []


Overfull \hbox (85.5pt too wide) in paragraph at lines 2527--2527
[]\TU/lmtt/m/n/10 ##  78  79  80  81  82  83  84  85  86  87  88  89  90  91  9
2  93  94  95  96  97[] 
 []


Overfull \hbox (85.5pt too wide) in paragraph at lines 2527--2527
[]\TU/lmtt/m/n/10 ## 233 220 337 195 179 143 126 132 106  97  81  73  62  25  2
1  13   9   7   2  18[] 
 []


Overfull \hbox (59.25pt too wide) in paragraph at lines 2572--2572
[]\TU/lmtt/m/n/10 ##        alabama         alaska        arizona       arkansa
s     california[] 
 []


Overfull \hbox (59.25pt too wide) in paragraph at lines 2572--2572
[]\TU/lmtt/m/n/10 ##            624              0            542            30
7           2854[] 
 []


Overfull \hbox (59.25pt too wide) in paragraph at lines 2572--2572
[]\TU/lmtt/m/n/10 ##       colorado    connecticut       delaware  washington d
c        florida[] 
 []


Overfull \hbox (59.25pt too wide) in paragraph at lines 2572--2572
[]\TU/lmtt/m/n/10 ##            468            395            119             6
2           1747[] 
 []


Overfull \hbox (59.25pt too wide) in paragraph at lines 2572--2572
[]\TU/lmtt/m/n/10 ##        georgia         hawaii          idaho       illinoi
s        indiana[] 
 []


Overfull \hbox (59.25pt too wide) in paragraph at lines 2572--2572
[]\TU/lmtt/m/n/10 ##           1023              1            140           113
0            829[] 
 []


Overfull \hbox (59.25pt too wide) in paragraph at lines 2572--2572
[]\TU/lmtt/m/n/10 ##           iowa         kansas       kentucky      louisian
a          maine[] 
 []


Overfull \hbox (59.25pt too wide) in paragraph at lines 2572--2572
[]\TU/lmtt/m/n/10 ##            441            329            523            60
3            154[] 
 []


Overfull \hbox (59.25pt too wide) in paragraph at lines 2572--2572
[]\TU/lmtt/m/n/10 ##       maryland  massachusetts       michigan      minnesot
a    mississippi[] 
 []


Overfull \hbox (59.25pt too wide) in paragraph at lines 2572--2572
[]\TU/lmtt/m/n/10 ##            593            685           1000            71
1            264[] 
 []


Overfull \hbox (59.25pt too wide) in paragraph at lines 2572--2572
[]\TU/lmtt/m/n/10 ##       missouri        montana       nebraska         nevad
a  new hampshire[] 
 []


Overfull \hbox (59.25pt too wide) in paragraph at lines 2572--2572
[]\TU/lmtt/m/n/10 ##            780             91            215            20
2            160[] 
 []


Overfull \hbox (59.25pt too wide) in paragraph at lines 2572--2572
[]\TU/lmtt/m/n/10 ##     new jersey     new mexico       new york north carolin
a   north dakota[] 
 []


Overfull \hbox (59.25pt too wide) in paragraph at lines 2572--2572
[]\TU/lmtt/m/n/10 ##            870            219           1701           105
5            120[] 
 []


Overfull \hbox (59.25pt too wide) in paragraph at lines 2572--2572
[]\TU/lmtt/m/n/10 ##           ohio       oklahoma         oregon   pennsylvani
a   rhode island[] 
 []


Overfull \hbox (59.25pt too wide) in paragraph at lines 2572--2572
[]\TU/lmtt/m/n/10 ##           1404            431            468           159
1            131[] 
 []


Overfull \hbox (59.25pt too wide) in paragraph at lines 2572--2572
[]\TU/lmtt/m/n/10 ## south carolina   south dakota      tennessee          texa
s           utah[] 
 []


Overfull \hbox (59.25pt too wide) in paragraph at lines 2572--2572
[]\TU/lmtt/m/n/10 ##            458             93            745           191
9            284[] 
 []


Overfull \hbox (59.25pt too wide) in paragraph at lines 2572--2572
[]\TU/lmtt/m/n/10 ##        vermont       virginia     washington  west virgini
a      wisconsin[] 
 []


Overfull \hbox (59.25pt too wide) in paragraph at lines 2572--2572
[]\TU/lmtt/m/n/10 ##            115            896            668            27
0            742[] 
 []

[59]
Overfull \hbox (69.75pt too wide) in paragraph at lines 2609--2609
[]\TU/lmtt/m/n/10 ##            missing/not asked very conservative conservativ
e moderate liberal[] 
 []


Overfull \hbox (69.75pt too wide) in paragraph at lines 2609--2609
[]\TU/lmtt/m/n/10 ## alabama                    0                82          25
4      165      48[] 
 []


Overfull \hbox (69.75pt too wide) in paragraph at lines 2609--2609
[]\TU/lmtt/m/n/10 ## alaska                     0                 0            
0        0       0[] 
 []


Overfull \hbox (69.75pt too wide) in paragraph at lines 2609--2609
[]\TU/lmtt/m/n/10 ## arizona                    0                33          15
2      201      95[] 
 []


Overfull \hbox (69.75pt too wide) in paragraph at lines 2609--2609
[]\TU/lmtt/m/n/10 ## arkansas                   0                30          11
5      101      29[] 
 []


Overfull \hbox (69.75pt too wide) in paragraph at lines 2609--2609
[]\TU/lmtt/m/n/10 ## california                 0               178          72
8     1054     549[] 
 []


Overfull \hbox (69.75pt too wide) in paragraph at lines 2609--2609
[]\TU/lmtt/m/n/10 ## colorado                   0                31          13
4      165      96[] 
 []


Overfull \hbox (43.5pt too wide) in paragraph at lines 2637--2637
[]\TU/lmtt/m/n/10 ## []summarise()[] has grouped output by []state[]. You can o
verride using the[] 
 []

[60]
File: _main_files/figure-latex/unnamed-chunk-28-1.pdf Graphic file (type pdf)
<use _main_files/figure-latex/unnamed-chunk-28-1.pdf>

Underfull \vbox (badness 10000) has occurred while \output is active []

[61]
File: _main_files/figure-latex/unnamed-chunk-28-2.pdf Graphic file (type pdf)
<use _main_files/figure-latex/unnamed-chunk-28-2.pdf>
[62]
File: _main_files/figure-latex/unnamed-chunk-29-1.pdf Graphic file (type pdf)
<use _main_files/figure-latex/unnamed-chunk-29-1.pdf>

Underfull \vbox (badness 1194) has occurred while \output is active []

[63]
File: _main_files/figure-latex/unnamed-chunk-29-2.pdf Graphic file (type pdf)
<use _main_files/figure-latex/unnamed-chunk-29-2.pdf>

Overfull \hbox (1.5pt too wide) in paragraph at lines 2785--2785
[]\TU/lmtt/m/n/10 ## Warning: Removed 1 rows containing missing values (geom_po
int).[] 
 []

File: _main_files/figure-latex/unnamed-chunk-29-3.pdf Graphic file (type pdf)
<use _main_files/figure-latex/unnamed-chunk-29-3.pdf>
[64] [65] [66

]
Chapter 3.
[67] [68

]
Overfull \hbox (61.26616pt too wide) detected at line 2828
[][]
 []

[69]
File: _main_files/figure-latex/unnamed-chunk-30-1.pdf Graphic file (type pdf)
<use _main_files/figure-latex/unnamed-chunk-30-1.pdf>
[70]
File: _main_files/figure-latex/unnamed-chunk-30-2.pdf Graphic file (type pdf)
<use _main_files/figure-latex/unnamed-chunk-30-2.pdf>

Underfull \vbox (badness 10000) has occurred while \output is active []

[71]
Underfull \hbox (badness 1622) in paragraph at lines 2950--2952
\TU/lmr/m/n/10 we are given two independent normal random variables with unknow
n
 []

[72]
File: _main_files/figure-latex/unnamed-chunk-31-1.pdf Graphic file (type pdf)
<use _main_files/figure-latex/unnamed-chunk-31-1.pdf>
File: _main_files/figure-latex/unnamed-chunk-31-2.pdf Graphic file (type pdf)
<use _main_files/figure-latex/unnamed-chunk-31-2.pdf>

Underfull \vbox (badness 10000) has occurred while \output is active []

[73]
File: _main_files/figure-latex/unnamed-chunk-32-1.pdf Graphic file (type pdf)
<use _main_files/figure-latex/unnamed-chunk-32-1.pdf>

Underfull \vbox (badness 2980) has occurred while \output is active []

[74]
File: _main_files/figure-latex/unnamed-chunk-32-2.pdf Graphic file (type pdf)
<use _main_files/figure-latex/unnamed-chunk-32-2.pdf>

Underfull \vbox (badness 10000) has occurred while \output is active []

[75] [76]
File: _main_files/figure-latex/unnamed-chunk-33-1.pdf Graphic file (type pdf)
<use _main_files/figure-latex/unnamed-chunk-33-1.pdf>
File: _main_files/figure-latex/unnamed-chunk-34-1.pdf Graphic file (type pdf)
<use _main_files/figure-latex/unnamed-chunk-34-1.pdf>

Underfull \vbox (badness 10000) has occurred while \output is active []

[77]
File: _main_files/figure-latex/unnamed-chunk-35-1.pdf Graphic file (type pdf)
<use _main_files/figure-latex/unnamed-chunk-35-1.pdf>

Underfull \vbox (badness 10000) has occurred while \output is active []

[78] [79]
File: _main_files/figure-latex/unnamed-chunk-36-1.pdf Graphic file (type pdf)
<use _main_files/figure-latex/unnamed-chunk-36-1.pdf>

Underfull \vbox (badness 1231) has occurred while \output is active []

[80]
File: _main_files/figure-latex/unnamed-chunk-37-1.pdf Graphic file (type pdf)
<use _main_files/figure-latex/unnamed-chunk-37-1.pdf>
File: _main_files/figure-latex/unnamed-chunk-38-1.pdf Graphic file (type pdf)
<use _main_files/figure-latex/unnamed-chunk-38-1.pdf>

Underfull \vbox (badness 10000) has occurred while \output is active []

[81]
File: _main_files/figure-latex/unnamed-chunk-38-2.pdf Graphic file (type pdf)
<use _main_files/figure-latex/unnamed-chunk-38-2.pdf>

Underfull \vbox (badness 10000) has occurred while \output is active []

[82]
File: _main_files/figure-latex/unnamed-chunk-39-1.pdf Graphic file (type pdf)
<use _main_files/figure-latex/unnamed-chunk-39-1.pdf>

Underfull \vbox (badness 10000) has occurred while \output is active []

[83]
File: _main_files/figure-latex/unnamed-chunk-39-2.pdf Graphic file (type pdf)
<use _main_files/figure-latex/unnamed-chunk-39-2.pdf>

Underfull \vbox (badness 10000) has occurred while \output is active []

[84]
File: _main_files/figure-latex/unnamed-chunk-40-1.pdf Graphic file (type pdf)
<use _main_files/figure-latex/unnamed-chunk-40-1.pdf>

Underfull \vbox (badness 10000) has occurred while \output is active []

[85]
File: _main_files/figure-latex/unnamed-chunk-40-2.pdf Graphic file (type pdf)
<use _main_files/figure-latex/unnamed-chunk-40-2.pdf>

Underfull \hbox (badness 10000) in paragraph at lines 3459--3461
[][]
 []

[86]
File: _main_files/figure-latex/unnamed-chunk-41-1.pdf Graphic file (type pdf)
<use _main_files/figure-latex/unnamed-chunk-41-1.pdf>
File: _main_files/figure-latex/unnamed-chunk-41-2.pdf Graphic file (type pdf)
<use _main_files/figure-latex/unnamed-chunk-41-2.pdf>

Underfull \vbox (badness 10000) has occurred while \output is active []

[87] [88]
File: _main_files/figure-latex/unnamed-chunk-42-1.pdf Graphic file (type pdf)
<use _main_files/figure-latex/unnamed-chunk-42-1.pdf>

Underfull \hbox (badness 10000) in paragraph at lines 3550--3553
[][]
 []


Underfull \hbox (badness 10000) in paragraph at lines 3560--3562

 []

[89] [90]
File: _main_files/figure-latex/unnamed-chunk-43-1.pdf Graphic file (type pdf)
<use _main_files/figure-latex/unnamed-chunk-43-1.pdf>

Underfull \hbox (badness 10000) in paragraph at lines 3648--3650
[][]
 []


Underfull \vbox (badness 1490) has occurred while \output is active []

[91]
File: _main_files/figure-latex/unnamed-chunk-44-1.pdf Graphic file (type pdf)
<use _main_files/figure-latex/unnamed-chunk-44-1.pdf>
[92]
Overfull \hbox (77.24323pt too wide) detected at line 3727
[][]
 []

[93]
File: _main_files/figure-latex/unnamed-chunk-47-1.pdf Graphic file (type pdf)
<use _main_files/figure-latex/unnamed-chunk-47-1.pdf>
File: _main_files/figure-latex/unnamed-chunk-48-1.pdf Graphic file (type pdf)
<use _main_files/figure-latex/unnamed-chunk-48-1.pdf>

Underfull \vbox (badness 10000) has occurred while \output is active []

[94]
Overfull \hbox (135.19351pt too wide) detected at line 3825
[][]
 []


Overfull \hbox (207.20206pt too wide) detected at line 3837
[][]
 []

[95]
Overfull \hbox (161.06216pt too wide) detected at line 3849
[][]
 []


Underfull \hbox (badness 10000) in paragraph at lines 3867--3868

 []

[96] [97]
File: _main_files/figure-latex/q11-1.pdf Graphic file (type pdf)
<use _main_files/figure-latex/q11-1.pdf>

Underfull \vbox (badness 10000) has occurred while \output is active []

[98]
File: _main_files/figure-latex/unnamed-chunk-49-1.pdf Graphic file (type pdf)
<use _main_files/figure-latex/unnamed-chunk-49-1.pdf>
[99] [100]
Chapter 4.
Missing character: There is no 𝜃 (U+1D703) in font [lmroman7-regular]:mapping=t
ex-text;!
Missing character: There is no 𝜃 (U+1D703) in font [lmroman10-regular]:mapping=
tex-text;!
Missing character: There is no 𝜃 (U+1D703) in font [lmroman7-regular]:mapping=t
ex-text;!
! Missing $ inserted.
<inserted text> 
                $
l.4034 ...d\textsuperscript{2/d\theta}2 log p(\hat
                                                  {\theta}) + \sum\emph{\{i=...
 
Here is how much of TeX's memory you used:
 19891 strings out of 475865
 378044 string characters out of 5805584
 865449 words of memory out of 5000000
 40611 multiletter control sequences out of 15000+600000
 475758 words of font info for 87 fonts, out of 8000000 for 9000
 1348 hyphenation exceptions out of 8191
 86i,15n,121p,1002b,493s stack positions out of 10000i,1000n,20000p,200000b,200000s
Output written on _main.pdf (100 pages).
